<?xml version="1.0" encoding="UTF-8"?>
<!-- Generated by org.testng.reporters.JUnitReportReporter -->
<testsuite skipped="0" hostname="MININT-0QQM07S" name="com.onlytrailcodeforselenium.EventListenerExample" tests="2" failures="0" timestamp="03 Aug 2017 08:01:23 GMT" time="4.971" errors="0">
  <testcase name="testEventsTWO" time="1.001" classname="com.onlytrailcodeforselenium.EventListenerExample"/>
  <testcase name="testEventsONE" time="3.970" classname="com.onlytrailcodeforselenium.EventListenerExample"/>
</testsuite> <!-- com.onlytrailcodeforselenium.EventListenerExample -->
